This file contains any messages produced by compilers while
running configure, to aid debugging if configure makes a mistake.

It was created by configure, which was
generated by GNU Autoconf 2.69.  Invocation command line was

  $ ./configure --with-php-config=/opt/php8/bin/php-config

## --------- ##
## Platform. ##
## --------- ##

hostname = brunopc
uname -m = x86_64
uname -r = 4.19.0-11-amd64
uname -s = Linux
uname -v = #1 SMP Debian 4.19.146-1 (2020-09-17)

/usr/bin/uname -p = unknown
/bin/uname -X     = unknown

/bin/arch              = x86_64
/usr/bin/arch -k       = unknown
/usr/convex/getsysinfo = unknown
/usr/bin/hostinfo      = unknown
/bin/machine           = unknown
/usr/bin/oslevel       = unknown
/bin/universe          = unknown

PATH: /home/scorninpc/Desktop/Bruno/BUILD_PHP_GTK/zephir_test/vendor/bin
PATH: /usr/local/bin
PATH: /usr/bin
PATH: /bin
PATH: /usr/local/games
PATH: /usr/games


## ----------- ##
## Core tests. ##
## ----------- ##

configure:2093: checking for grep that handles long lines and -e
configure:2151: result: /usr/bin/grep
configure:2156: checking for egrep
configure:2218: result: /usr/bin/grep -E
configure:2223: checking for a sed that does not truncate output
configure:2287: result: /usr/bin/sed
configure:2426: checking for cc
configure:2442: found /usr/bin/cc
configure:2453: result: cc
configure:2484: checking for C compiler version
configure:2493: cc --version >&5
cc (Debian 8.3.0-6) 8.3.0
Copyright (C) 2018 Free Software Foundation, Inc.
This is free software; see the source for copying conditions.  There is NO
warranty; not even for MERCHANTABILITY or FITNESS FOR A PARTICULAR PURPOSE.

configure:2504: $? = 0
configure:2493: cc -v >&5
Using built-in specs.
COLLECT_GCC=cc
COLLECT_LTO_WRAPPER=/usr/lib/gcc/x86_64-linux-gnu/8/lto-wrapper
OFFLOAD_TARGET_NAMES=nvptx-none
OFFLOAD_TARGET_DEFAULT=1
Target: x86_64-linux-gnu
Configured with: ../src/configure -v --with-pkgversion='Debian 8.3.0-6' --with-bugurl=file:///usr/share/doc/gcc-8/README.Bugs --enable-languages=c,ada,c++,go,brig,d,fortran,objc,obj-c++ --prefix=/usr --with-gcc-major-version-only --program-suffix=-8 --program-prefix=x86_64-linux-gnu- --enable-shared --enable-linker-build-id --libexecdir=/usr/lib --without-included-gettext --enable-threads=posix --libdir=/usr/lib --enable-nls --enable-bootstrap --enable-clocale=gnu --enable-libstdcxx-debug --enable-libstdcxx-time=yes --with-default-libstdcxx-abi=new --enable-gnu-unique-object --disable-vtable-verify --enable-libmpx --enable-plugin --enable-default-pie --with-system-zlib --with-target-system-zlib --enable-objc-gc=auto --enable-multiarch --disable-werror --with-arch-32=i686 --with-abi=m64 --with-multilib-list=m32,m64,mx32 --enable-multilib --with-tune=generic --enable-offload-targets=nvptx-none --without-cuda-driver --enable-checking=release --build=x86_64-linux-gnu --host=x86_64-linux-gnu --target=x86_64-linux-gnu
Thread model: posix
gcc version 8.3.0 (Debian 8.3.0-6) 
configure:2504: $? = 0
configure:2493: cc -V >&5
cc: error: unrecognized command line option '-V'
cc: fatal error: no input files
compilation terminated.
configure:2504: $? = 1
configure:2493: cc -qversion >&5
cc: error: unrecognized command line option '-qversion'; did you mean '--version'?
cc: fatal error: no input files
compilation terminated.
configure:2504: $? = 1
configure:2524: checking whether the C compiler works
configure:2546: cc    conftest.c  >&5
configure:2550: $? = 0
configure:2598: result: yes
configure:2601: checking for C compiler default output file name
configure:2603: result: a.out
configure:2609: checking for suffix of executables
configure:2616: cc -o conftest    conftest.c  >&5
configure:2620: $? = 0
configure:2642: result: 
configure:2664: checking whether we are cross compiling
configure:2672: cc -o conftest    conftest.c  >&5
configure:2676: $? = 0
configure:2683: ./conftest
configure:2687: $? = 0
configure:2675: result: no
configure:2680: checking for suffix of object files
configure:2702: cc -c   conftest.c >&5
configure:2706: $? = 0
configure:2727: result: o
configure:2731: checking whether we are using the GNU C compiler
configure:2750: cc -c   conftest.c >&5
configure:2750: $? = 0
configure:2759: result: yes
configure:2768: checking whether cc accepts -g
configure:2788: cc -c -g  conftest.c >&5
configure:2788: $? = 0
configure:2829: result: yes
configure:2846: checking for cc option to accept ISO C89
configure:2909: cc  -c -g -O2  conftest.c >&5
configure:2909: $? = 0
configure:2922: result: none needed
configure:2948: checking how to run the C preprocessor
configure:2979: cc -E  conftest.c
configure:2979: $? = 0
configure:2993: cc -E  conftest.c
conftest.c:9:10: fatal error: ac_nonexistent.h: No such file or directory
 #include <ac_nonexistent.h>
          ^~~~~~~~~~~~~~~~~~
compilation terminated.
configure:2993: $? = 1
configure: failed program was:
| /* confdefs.h */
| #define PACKAGE_NAME ""
| #define PACKAGE_TARNAME ""
| #define PACKAGE_VERSION ""
| #define PACKAGE_STRING ""
| #define PACKAGE_BUGREPORT ""
| #define PACKAGE_URL ""
| /* end confdefs.h.  */
| #include <ac_nonexistent.h>
configure:3018: result: cc -E
configure:3038: cc -E  conftest.c
configure:3038: $? = 0
configure:3052: cc -E  conftest.c
conftest.c:9:10: fatal error: ac_nonexistent.h: No such file or directory
 #include <ac_nonexistent.h>
          ^~~~~~~~~~~~~~~~~~
compilation terminated.
configure:3052: $? = 1
configure: failed program was:
| /* confdefs.h */
| #define PACKAGE_NAME ""
| #define PACKAGE_TARNAME ""
| #define PACKAGE_VERSION ""
| #define PACKAGE_STRING ""
| #define PACKAGE_BUGREPORT ""
| #define PACKAGE_URL ""
| /* end confdefs.h.  */
| #include <ac_nonexistent.h>
configure:3083: checking for icc
configure:3092: result: no
configure:3106: checking for suncc
configure:3115: result: no
configure:3133: checking whether cc understands -c and -o together
configure:3161: cc -c conftest.c -o conftest2.o >&5
configure:3165: $? = 0
configure:3171: cc -c conftest.c -o conftest2.o >&5
configure:3175: $? = 0
configure:3230: result: yes
configure:3244: checking for system library directory
configure:3259: result: lib
configure:3266: checking if compiler supports -R
configure:3285: cc -o conftest -g -O2   conftest.c -R /usr/lib  >&5
cc: error: unrecognized command line option '-R'
configure:3285: $? = 1
configure: failed program was:
| /* confdefs.h */
| #define PACKAGE_NAME ""
| #define PACKAGE_TARNAME ""
| #define PACKAGE_VERSION ""
| #define PACKAGE_STRING ""
| #define PACKAGE_BUGREPORT ""
| #define PACKAGE_URL ""
| /* end confdefs.h.  */
| 
| int
| main ()
| {
| 
|   ;
|   return 0;
| }
configure:3295: result: no
configure:3300: checking if compiler supports -Wl,-rpath,
configure:3319: cc -o conftest -g -O2   conftest.c -Wl,-rpath,/usr/lib  >&5
configure:3319: $? = 0
configure:3329: result: yes
configure:3374: checking build system type
configure:3388: result: x86_64-pc-linux-gnu
configure:3408: checking host system type
configure:3421: result: x86_64-pc-linux-gnu
configure:3441: checking target system type
configure:3454: result: x86_64-pc-linux-gnu
configure:3557: checking for PHP prefix
configure:3559: result: /opt/php8
configure:3561: checking for PHP includes
configure:3563: result: -I/opt/php8/include/php -I/opt/php8/include/php/main -I/opt/php8/include/php/TSRM -I/opt/php8/include/php/Zend -I/opt/php8/include/php/ext -I/opt/php8/include/php/ext/date/lib
configure:3565: checking for PHP extension directory
configure:3567: result: /opt/php8/lib/php/extensions/no-debug-non-zts-20200804
configure:3569: checking for PHP installed headers prefix
configure:3571: result: /opt/php8/include/php
configure:3574: checking if debug is enabled
configure:3600: result: no
configure:3603: checking if zts is enabled
configure:3629: result: no
configure:3700: checking for re2c
configure:3716: found /usr/bin/re2c
configure:3727: result: re2c
configure:3736: checking for re2c version
configure:3750: result: 1.1.1 (ok)
configure:3769: checking for gawk
configure:3800: result: no
configure:3769: checking for nawk
configure:3786: found /usr/bin/nawk
configure:3797: result: nawk
configure:3820: checking if nawk is broken
configure:3827: result: no
configure:3842: checking whether to enable gtk4 support
configure:3881: result: yes, shared
configure:4383: checking how to print strings
configure:4410: result: printf
configure:4431: checking for a sed that does not truncate output
configure:4495: result: /usr/bin/sed
configure:4513: checking for fgrep
configure:4575: result: /usr/bin/grep -F
configure:4610: checking for ld used by cc
configure:4677: result: /usr/bin/ld
configure:4684: checking if the linker (/usr/bin/ld) is GNU ld
configure:4699: result: yes
configure:4711: checking for BSD- or MS-compatible name lister (nm)
configure:4765: result: /usr/bin/nm -B
configure:4895: checking the name lister (/usr/bin/nm -B) interface
configure:4902: cc -c -g -O2 -lgtk-3 -lgdk-3 -lpangocairo-1.0 -lpango-1.0 -latk-1.0 -lcairo-gobject -lcairo -lgdk_pixbuf-2.0 -lgio-2.0 -lgobject-2.0 -lglib-2.0  conftest.c >&5
configure:4905: /usr/bin/nm -B "conftest.o"
configure:4908: output
0000000000000000 B some_variable
configure:4909: result: BSD nm
configure:4912: checking whether ln -s works
configure:4916: result: yes
configure:4924: checking the maximum length of command line arguments
configure:5055: result: 1572864
configure:5103: checking how to convert x86_64-pc-linux-gnu file names to x86_64-pc-linux-gnu format
configure:5143: result: func_convert_file_noop
configure:5150: checking how to convert x86_64-pc-linux-gnu file names to toolchain format
configure:5170: result: func_convert_file_noop
configure:5177: checking for /usr/bin/ld option to reload object files
configure:5184: result: -r
configure:5258: checking for objdump
configure:5274: found /usr/bin/objdump
configure:5285: result: objdump
configure:5317: checking how to recognize dependent libraries
configure:5517: result: pass_all
configure:5602: checking for dlltool
configure:5632: result: no
configure:5662: checking how to associate runtime and link libraries
configure:5689: result: printf %s\n
configure:5749: checking for ar
configure:5765: found /usr/bin/ar
configure:5776: result: ar
configure:5813: checking for archiver @FILE support
configure:5830: cc -c -g -O2 -lgtk-3 -lgdk-3 -lpangocairo-1.0 -lpango-1.0 -latk-1.0 -lcairo-gobject -lcairo -lgdk_pixbuf-2.0 -lgio-2.0 -lgobject-2.0 -lglib-2.0  conftest.c >&5
configure:5830: $? = 0
configure:5833: ar cru libconftest.a @conftest.lst >&5
ar: `u' modifier ignored since `D' is the default (see `U')
configure:5836: $? = 0
configure:5841: ar cru libconftest.a @conftest.lst >&5
ar: `u' modifier ignored since `D' is the default (see `U')
ar: conftest.o: No such file or directory
configure:5844: $? = 1
configure:5843: result: @
configure:5901: checking for strip
configure:5917: found /usr/bin/strip
configure:5928: result: strip
configure:6000: checking for ranlib
configure:6016: found /usr/bin/ranlib
configure:6027: result: ranlib
configure:6104: checking for gawk
configure:6131: result: nawk
configure:6171: checking command to parse /usr/bin/nm -B output from cc object
configure:6324: cc -c -g -O2 -lgtk-3 -lgdk-3 -lpangocairo-1.0 -lpango-1.0 -latk-1.0 -lcairo-gobject -lcairo -lgdk_pixbuf-2.0 -lgio-2.0 -lgobject-2.0 -lglib-2.0  conftest.c >&5
configure:6327: $? = 0
configure:6331: /usr/bin/nm -B conftest.o | sed -n -e 's/^.*[	 ]\([ABCDGIRSTW][ABCDGIRSTW]*\)[	 ][	 ]*\([_A-Za-z][_A-Za-z0-9]*\)$/\1 \2 \2/p' | sed '/ __gnu_lto/d' > conftest.nm
configure:6397: cc -o conftest -g -O2 -lgtk-3 -lgdk-3 -lpangocairo-1.0 -lpango-1.0 -latk-1.0 -lcairo-gobject -lcairo -lgdk_pixbuf-2.0 -lgio-2.0 -lgobject-2.0 -lglib-2.0   conftest.c conftstm.o >&5
configure:6400: $? = 0
configure:6438: result: ok
configure:6485: checking for sysroot
configure:6515: result: no
configure:6522: checking for a working dd
configure:6560: result: /usr/bin/dd
configure:6564: checking how to truncate binary pipes
configure:6579: result: /usr/bin/dd bs=4096 count=1
configure:6715: cc -c -g -O2 -lgtk-3 -lgdk-3 -lpangocairo-1.0 -lpango-1.0 -latk-1.0 -lcairo-gobject -lcairo -lgdk_pixbuf-2.0 -lgio-2.0 -lgobject-2.0 -lglib-2.0  conftest.c >&5
configure:6718: $? = 0
configure:6908: checking for mt
configure:6924: found /usr/bin/mt
configure:6935: result: mt
configure:6958: checking if mt is a manifest tool
configure:6964: mt '-?'
configure:6972: result: no
configure:7644: checking for ANSI C header files
configure:7664: cc -c -g -O2 -lgtk-3 -lgdk-3 -lpangocairo-1.0 -lpango-1.0 -latk-1.0 -lcairo-gobject -lcairo -lgdk_pixbuf-2.0 -lgio-2.0 -lgobject-2.0 -lglib-2.0  conftest.c >&5
configure:7664: $? = 0
configure:7737: cc -o conftest -g -O2 -lgtk-3 -lgdk-3 -lpangocairo-1.0 -lpango-1.0 -latk-1.0 -lcairo-gobject -lcairo -lgdk_pixbuf-2.0 -lgio-2.0 -lgobject-2.0 -lglib-2.0   conftest.c  >&5
configure:7737: $? = 0
configure:7737: ./conftest
configure:7737: $? = 0
configure:7748: result: yes
configure:7761: checking for sys/types.h
configure:7761: cc -c -g -O2 -lgtk-3 -lgdk-3 -lpangocairo-1.0 -lpango-1.0 -latk-1.0 -lcairo-gobject -lcairo -lgdk_pixbuf-2.0 -lgio-2.0 -lgobject-2.0 -lglib-2.0  conftest.c >&5
configure:7761: $? = 0
configure:7761: result: yes
configure:7761: checking for sys/stat.h
configure:7761: cc -c -g -O2 -lgtk-3 -lgdk-3 -lpangocairo-1.0 -lpango-1.0 -latk-1.0 -lcairo-gobject -lcairo -lgdk_pixbuf-2.0 -lgio-2.0 -lgobject-2.0 -lglib-2.0  conftest.c >&5
configure:7761: $? = 0
configure:7761: result: yes
configure:7761: checking for stdlib.h
configure:7761: cc -c -g -O2 -lgtk-3 -lgdk-3 -lpangocairo-1.0 -lpango-1.0 -latk-1.0 -lcairo-gobject -lcairo -lgdk_pixbuf-2.0 -lgio-2.0 -lgobject-2.0 -lglib-2.0  conftest.c >&5
configure:7761: $? = 0
configure:7761: result: yes
configure:7761: checking for string.h
configure:7761: cc -c -g -O2 -lgtk-3 -lgdk-3 -lpangocairo-1.0 -lpango-1.0 -latk-1.0 -lcairo-gobject -lcairo -lgdk_pixbuf-2.0 -lgio-2.0 -lgobject-2.0 -lglib-2.0  conftest.c >&5
configure:7761: $? = 0
configure:7761: result: yes
configure:7761: checking for memory.h
configure:7761: cc -c -g -O2 -lgtk-3 -lgdk-3 -lpangocairo-1.0 -lpango-1.0 -latk-1.0 -lcairo-gobject -lcairo -lgdk_pixbuf-2.0 -lgio-2.0 -lgobject-2.0 -lglib-2.0  conftest.c >&5
configure:7761: $? = 0
configure:7761: result: yes
configure:7761: checking for strings.h
configure:7761: cc -c -g -O2 -lgtk-3 -lgdk-3 -lpangocairo-1.0 -lpango-1.0 -latk-1.0 -lcairo-gobject -lcairo -lgdk_pixbuf-2.0 -lgio-2.0 -lgobject-2.0 -lglib-2.0  conftest.c >&5
configure:7761: $? = 0
configure:7761: result: yes
configure:7761: checking for inttypes.h
configure:7761: cc -c -g -O2 -lgtk-3 -lgdk-3 -lpangocairo-1.0 -lpango-1.0 -latk-1.0 -lcairo-gobject -lcairo -lgdk_pixbuf-2.0 -lgio-2.0 -lgobject-2.0 -lglib-2.0  conftest.c >&5
configure:7761: $? = 0
configure:7761: result: yes
configure:7761: checking for stdint.h
configure:7761: cc -c -g -O2 -lgtk-3 -lgdk-3 -lpangocairo-1.0 -lpango-1.0 -latk-1.0 -lcairo-gobject -lcairo -lgdk_pixbuf-2.0 -lgio-2.0 -lgobject-2.0 -lglib-2.0  conftest.c >&5
configure:7761: $? = 0
configure:7761: result: yes
configure:7761: checking for unistd.h
configure:7761: cc -c -g -O2 -lgtk-3 -lgdk-3 -lpangocairo-1.0 -lpango-1.0 -latk-1.0 -lcairo-gobject -lcairo -lgdk_pixbuf-2.0 -lgio-2.0 -lgobject-2.0 -lglib-2.0  conftest.c >&5
configure:7761: $? = 0
configure:7761: result: yes
configure:7775: checking for dlfcn.h
configure:7775: cc -c -g -O2 -lgtk-3 -lgdk-3 -lpangocairo-1.0 -lpango-1.0 -latk-1.0 -lcairo-gobject -lcairo -lgdk_pixbuf-2.0 -lgio-2.0 -lgobject-2.0 -lglib-2.0  conftest.c >&5
configure:7775: $? = 0
configure:7775: result: yes
configure:8031: checking for objdir
configure:8046: result: .libs
configure:8310: checking if cc supports -fno-rtti -fno-exceptions
configure:8328: cc -c -g -O2 -lgtk-3 -lgdk-3 -lpangocairo-1.0 -lpango-1.0 -latk-1.0 -lcairo-gobject -lcairo -lgdk_pixbuf-2.0 -lgio-2.0 -lgobject-2.0 -lglib-2.0  -fno-rtti -fno-exceptions conftest.c >&5
cc1: warning: command line option '-fno-rtti' is valid for C++/ObjC++ but not for C
configure:8332: $? = 0
configure:8345: result: no
configure:8703: checking for cc option to produce PIC
configure:8710: result: -fPIC -DPIC
configure:8718: checking if cc PIC flag -fPIC -DPIC works
configure:8736: cc -c -g -O2 -lgtk-3 -lgdk-3 -lpangocairo-1.0 -lpango-1.0 -latk-1.0 -lcairo-gobject -lcairo -lgdk_pixbuf-2.0 -lgio-2.0 -lgobject-2.0 -lglib-2.0  -fPIC -DPIC -DPIC conftest.c >&5
configure:8740: $? = 0
configure:8753: result: yes
configure:8782: checking if cc static flag -static works
configure:8810: result: no
configure:8825: checking if cc supports -c -o file.o
configure:8846: cc -c -g -O2 -lgtk-3 -lgdk-3 -lpangocairo-1.0 -lpango-1.0 -latk-1.0 -lcairo-gobject -lcairo -lgdk_pixbuf-2.0 -lgio-2.0 -lgobject-2.0 -lglib-2.0  -o out/conftest2.o conftest.c >&5
configure:8850: $? = 0
configure:8872: result: yes
configure:8880: checking if cc supports -c -o file.o
configure:8927: result: yes
configure:8960: checking whether the cc linker (/usr/bin/ld -m elf_x86_64) supports shared libraries
configure:10223: result: yes
configure:10260: checking whether -lc should be explicitly linked in
configure:10268: cc -c -g -O2 -lgtk-3 -lgdk-3 -lpangocairo-1.0 -lpango-1.0 -latk-1.0 -lcairo-gobject -lcairo -lgdk_pixbuf-2.0 -lgio-2.0 -lgobject-2.0 -lglib-2.0  conftest.c >&5
configure:10271: $? = 0
configure:10286: cc -shared  -fPIC -DPIC conftest.o  -v -Wl,-soname -Wl,conftest -o conftest 2\>\&1 \| /usr/bin/grep  -lc  \>/dev/null 2\>\&1
configure:10289: $? = 0
configure:10303: result: no
configure:10463: checking dynamic linker characteristics
configure:11044: cc -o conftest -g -O2 -lgtk-3 -lgdk-3 -lpangocairo-1.0 -lpango-1.0 -latk-1.0 -lcairo-gobject -lcairo -lgdk_pixbuf-2.0 -lgio-2.0 -lgobject-2.0 -lglib-2.0   -Wl,-rpath -Wl,/foo conftest.c  >&5
configure:11044: $? = 0
configure:11293: result: GNU/Linux ld.so
configure:11415: checking how to hardcode library paths into programs
configure:11440: result: immediate
configure:11988: checking whether stripping libraries is possible
configure:11993: result: yes
configure:12028: checking if libtool supports shared libraries
configure:12030: result: yes
configure:12033: checking whether to build shared libraries
configure:12058: result: yes
configure:12061: checking whether to build static libraries
configure:12065: result: no
configure:9108: creating ./config.status

## ---------------------- ##
## Running config.status. ##
## ---------------------- ##

This file was extended by config.status, which was
generated by GNU Autoconf 2.69.  Invocation command line was

  CONFIG_FILES    = 
  CONFIG_HEADERS  = 
  CONFIG_LINKS    = 
  CONFIG_COMMANDS = 
  $ ./config.status 

on brunopc

config.status:886: creating config.h
config.status:990: executing libtool commands

## ---------------- ##
## Cache variables. ##
## ---------------- ##

ac_cv_build=x86_64-pc-linux-gnu
ac_cv_c_compiler_gnu=yes
ac_cv_env_CC_set=
ac_cv_env_CC_value=
ac_cv_env_CFLAGS_set=
ac_cv_env_CFLAGS_value=
ac_cv_env_CPPFLAGS_set=
ac_cv_env_CPPFLAGS_value=
ac_cv_env_CPP_set=
ac_cv_env_CPP_value=
ac_cv_env_LDFLAGS_set=
ac_cv_env_LDFLAGS_value=
ac_cv_env_LIBS_set=
ac_cv_env_LIBS_value=
ac_cv_env_LT_SYS_LIBRARY_PATH_set=
ac_cv_env_LT_SYS_LIBRARY_PATH_value=
ac_cv_env_build_alias_set=
ac_cv_env_build_alias_value=
ac_cv_env_host_alias_set=
ac_cv_env_host_alias_value=
ac_cv_env_target_alias_set=
ac_cv_env_target_alias_value=
ac_cv_header_dlfcn_h=yes
ac_cv_header_inttypes_h=yes
ac_cv_header_memory_h=yes
ac_cv_header_stdc=yes
ac_cv_header_stdint_h=yes
ac_cv_header_stdlib_h=yes
ac_cv_header_string_h=yes
ac_cv_header_strings_h=yes
ac_cv_header_sys_stat_h=yes
ac_cv_header_sys_types_h=yes
ac_cv_header_unistd_h=yes
ac_cv_host=x86_64-pc-linux-gnu
ac_cv_objext=o
ac_cv_path_EGREP='/usr/bin/grep -E'
ac_cv_path_FGREP='/usr/bin/grep -F'
ac_cv_path_GREP=/usr/bin/grep
ac_cv_path_SED=/usr/bin/sed
ac_cv_path_lt_DD=/usr/bin/dd
ac_cv_prog_AWK=nawk
ac_cv_prog_CPP='cc -E'
ac_cv_prog_RE2C=re2c
ac_cv_prog_ac_ct_AR=ar
ac_cv_prog_ac_ct_CC=cc
ac_cv_prog_ac_ct_MANIFEST_TOOL=mt
ac_cv_prog_ac_ct_OBJDUMP=objdump
ac_cv_prog_ac_ct_RANLIB=ranlib
ac_cv_prog_ac_ct_STRIP=strip
ac_cv_prog_cc_c89=
ac_cv_prog_cc_cc_c_o=yes
ac_cv_prog_cc_g=yes
ac_cv_target=x86_64-pc-linux-gnu
lt_cv_ar_at_file=@
lt_cv_archive_cmds_need_lc=no
lt_cv_deplibs_check_method=pass_all
lt_cv_file_magic_cmd='$MAGIC_CMD'
lt_cv_file_magic_test_file=
lt_cv_ld_reload_flag=-r
lt_cv_nm_interface='BSD nm'
lt_cv_objdir=.libs
lt_cv_path_LD=/usr/bin/ld
lt_cv_path_NM='/usr/bin/nm -B'
lt_cv_path_mainfest_tool=no
lt_cv_prog_compiler_c_o=yes
lt_cv_prog_compiler_pic='-fPIC -DPIC'
lt_cv_prog_compiler_pic_works=yes
lt_cv_prog_compiler_rtti_exceptions=no
lt_cv_prog_compiler_static_works=no
lt_cv_prog_gnu_ld=yes
lt_cv_sharedlib_from_linklib_cmd='printf %s\n'
lt_cv_shlibpath_overrides_runpath=yes
lt_cv_sys_global_symbol_pipe='sed -n -e '\''s/^.*[	 ]\([ABCDGIRSTW][ABCDGIRSTW]*\)[	 ][	 ]*\([_A-Za-z][_A-Za-z0-9]*\)$/\1 \2 \2/p'\'' | sed '\''/ __gnu_lto/d'\'''
lt_cv_sys_global_symbol_to_c_name_address='sed -n -e '\''s/^: \(.*\) .*$/  {"\1", (void *) 0},/p'\'' -e '\''s/^[ABCDGIRSTW][ABCDGIRSTW]* .* \(.*\)$/  {"\1", (void *) \&\1},/p'\'''
lt_cv_sys_global_symbol_to_c_name_address_lib_prefix='sed -n -e '\''s/^: \(.*\) .*$/  {"\1", (void *) 0},/p'\'' -e '\''s/^[ABCDGIRSTW][ABCDGIRSTW]* .* \(lib.*\)$/  {"\1", (void *) \&\1},/p'\'' -e '\''s/^[ABCDGIRSTW][ABCDGIRSTW]* .* \(.*\)$/  {"lib\1", (void *) \&\1},/p'\'''
lt_cv_sys_global_symbol_to_cdecl='sed -n -e '\''s/^T .* \(.*\)$/extern int \1();/p'\'' -e '\''s/^[ABCDGIRSTW][ABCDGIRSTW]* .* \(.*\)$/extern char \1;/p'\'''
lt_cv_sys_global_symbol_to_import=
lt_cv_sys_max_cmd_len=1572864
lt_cv_to_host_file_cmd=func_convert_file_noop
lt_cv_to_tool_file_cmd=func_convert_file_noop
lt_cv_truncate_bin='/usr/bin/dd bs=4096 count=1'
php_cv_cc_dashr=no
php_cv_cc_rpath=yes
php_cv_re2c_version='1.1.1 (ok)'

## ----------------- ##
## Output variables. ##
## ----------------- ##

AR='ar'
AWK='nawk'
CC='cc'
CFLAGS='-g -O2 -lgtk-3 -lgdk-3 -lpangocairo-1.0 -lpango-1.0 -latk-1.0 -lcairo-gobject -lcairo -lgdk_pixbuf-2.0 -lgio-2.0 -lgobject-2.0 -lglib-2.0'
CONFIGURE_COMMAND=' '\''./configure'\''  '\''--with-php-config=/opt/php8/bin/php-config'\'''
CONFIGURE_OPTIONS=' '\''--with-php-config=/opt/php8/bin/php-config'\'''
CPP='cc -E'
CPPFLAGS=' -DHAVE_CONFIG_H'
DEFS='-DHAVE_CONFIG_H'
DLLTOOL='false'
DSYMUTIL=''
DUMPBIN=''
ECHO_C=''
ECHO_N='-n'
ECHO_T=''
EGREP='/usr/bin/grep -E'
EXEEXT=''
FGREP='/usr/bin/grep -F'
GREP='/usr/bin/grep'
LD='/usr/bin/ld -m elf_x86_64'
LDFLAGS=''
LIBOBJS=''
LIBS=''
LIBTOOL='$(SHELL) $(top_builddir)/libtool'
LIPO=''
LN_S='ln -s'
LTLIBOBJS=''
LT_SYS_LIBRARY_PATH=''
MANIFEST_TOOL=':'
NM='/usr/bin/nm -B'
NMEDIT=''
OBJDUMP='objdump'
OBJEXT='o'
OTOOL64=''
OTOOL=''
PACKAGE_BUGREPORT=''
PACKAGE_NAME=''
PACKAGE_STRING=''
PACKAGE_TARNAME=''
PACKAGE_URL=''
PACKAGE_VERSION=''
PATH_SEPARATOR=':'
RANLIB='ranlib'
RE2C='re2c'
SED='/usr/bin/sed'
SHELL='/bin/bash'
SHLIB_DL_SUFFIX_NAME='so'
SHLIB_SUFFIX_NAME='so'
STRIP='strip'
ac_ct_AR='ar'
ac_ct_CC='cc'
ac_ct_DUMPBIN=''
bindir='${exec_prefix}/bin'
build='x86_64-pc-linux-gnu'
build_alias=''
build_cpu='x86_64'
build_os='linux-gnu'
build_vendor='pc'
datadir='${datarootdir}'
datarootdir='${prefix}/share'
docdir='${datarootdir}/doc/${PACKAGE}'
dvidir='${docdir}'
exec_prefix='$(prefix)'
host='x86_64-pc-linux-gnu'
host_alias='x86_64-pc-linux-gnu'
host_cpu='x86_64'
host_os='linux-gnu'
host_vendor='pc'
htmldir='${docdir}'
includedir='${prefix}/include'
infodir='${datarootdir}/info'
libdir='${exec_prefix}/lib'
libexecdir='${exec_prefix}/libexec'
localedir='${datarootdir}/locale'
localstatedir='${prefix}/var'
mandir='${datarootdir}/man'
oldincludedir='/usr/include'
pdfdir='${docdir}'
prefix='/opt/php8'
program_transform_name='s,x,x,'
psdir='${docdir}'
runstatedir='${localstatedir}/run'
sbindir='${exec_prefix}/sbin'
sharedstatedir='${prefix}/com'
sysconfdir='${prefix}/etc'
target='x86_64-pc-linux-gnu'
target_alias=''
target_cpu='x86_64'
target_os='linux-gnu'
target_vendor='pc'

## ----------- ##
## confdefs.h. ##
## ----------- ##

/* confdefs.h */
#define PACKAGE_NAME ""
#define PACKAGE_TARNAME ""
#define PACKAGE_VERSION ""
#define PACKAGE_STRING ""
#define PACKAGE_BUGREPORT ""
#define PACKAGE_URL ""
#define HAVE_LIBGTK 1
#define HAVE_GTK4 1
#define COMPILE_DL_GTK4 1
#define STDC_HEADERS 1
#define HAVE_SYS_TYPES_H 1
#define HAVE_SYS_STAT_H 1
#define HAVE_STDLIB_H 1
#define HAVE_STRING_H 1
#define HAVE_MEMORY_H 1
#define HAVE_STRINGS_H 1
#define HAVE_INTTYPES_H 1
#define HAVE_STDINT_H 1
#define HAVE_UNISTD_H 1
#define HAVE_DLFCN_H 1
#define LT_OBJDIR ".libs/"

configure: exit 0
